[debug] [2018-11-02T03:29:17.709Z] ----------------------------------------------------------------------
[debug] [2018-11-02T03:29:17.712Z] Command:       /Users/giladventura/.nvm/versions/node/v9.10.0/bin/node /Users/giladventura/.nvm/versions/node/v9.10.0/bin/firebase deploy
[debug] [2018-11-02T03:29:17.712Z] CLI Version:   6.0.0
[debug] [2018-11-02T03:29:17.712Z] Platform:      darwin
[debug] [2018-11-02T03:29:17.713Z] Node Version:  v9.10.0
[debug] [2018-11-02T03:29:17.713Z] Time:          Fri Nov 02 2018 05:29:17 GMT+0200 (IST)
[debug] [2018-11-02T03:29:17.713Z] ----------------------------------------------------------------------
[debug] 
[debug] [2018-11-02T03:29:17.723Z] > command requires scopes: ["email","openid","https://www.googleapis.com/auth/cloudplatformprojects.readonly","https://www.googleapis.com/auth/firebase","https://www.googleapis.com/auth/cloud-platform"]
[debug] [2018-11-02T03:29:17.723Z] > authorizing via signed-in user
[debug] [2018-11-02T03:29:17.723Z] [iam] checking project my-proj-5cbb6 for permissions ["firebase.projects.get","firebasedatabase.instances.update","firebasehosting.sites.update"]
[debug] [2018-11-02T03:29:17.725Z] > refreshing access token with scopes: ["email","https://www.googleapis.com/auth/cloud-platform","https://www.googleapis.com/auth/cloudplatformprojects.readonly","https://www.googleapis.com/auth/firebase","openid"]
[debug] [2018-11-02T03:29:17.725Z] >>> HTTP REQUEST POST https://www.googleapis.com/oauth2/v3/token  
 <request body omitted>
[debug] [2018-11-02T03:29:18.443Z] <<< HTTP RESPONSE 200
[debug] [2018-11-02T03:29:18.465Z] >>> HTTP REQUEST POST https://cloudresourcemanager.googleapis.com/v1/projects/my-proj-5cbb6:testIamPermissions  

[debug] [2018-11-02T03:29:19.548Z] <<< HTTP RESPONSE 200
[debug] [2018-11-02T03:29:19.549Z] >>> HTTP REQUEST GET https://firebase.googleapis.com/v1beta1/projects/my-proj-5cbb6  
 
[debug] [2018-11-02T03:29:20.256Z] <<< HTTP RESPONSE 200
[info] 
[info] === Deploying to 'my-proj-5cbb6'...
[info] 
[info] i  deploying database, hosting
[info] i  database: checking rules syntax...
[debug] [2018-11-02T03:29:20.259Z] >>> HTTP REQUEST PUT https://my-proj-5cbb6.firebaseio.com/.settings/rules.json?dryRun=true  
 {
  "rules": {
    	// Orkan start
      "test": {
        "usersPermissions": {
  				".read": "auth.uid !== null 
            					&& data.child(auth.uid).exists() 
            					&& data.child(auth.uid).child('editPermissions').val() === true",            
          ".write": "auth.uid !== null && data.child(auth.uid).exists() && data.child(auth.uid).child('editPermissions').val() === true",
          "$uid": {
          	".read": "auth.uid !== null 
            					&& data.parent().child(auth.uid).exists() 
            					&& (data.parent().child(auth.uid).child('editPermissions').val() === true || $uid === auth.uid)",            
          }  
        },
        "schema": {
          ".read": "auth.uid !== null && data.parent().child('usersPermissions').child(auth.uid).exists()",
          ".write": "auth.uid !== null && data.parent().child('usersPermissions').child(auth.uid).exists() && data.parent().child('usersPermissions').child(auth.uid).child('editSchema').val() === true"
        },
        "schemaSettings": {
          ".read": "auth.uid !== null && data.parent().child('usersPermissions').child(auth.uid).exists()",
          ".write": "auth.uid !== null && data.parent().child('usersPermissions').child(auth.uid).exists() && data.parent().child('usersPermissions').child(auth.uid).child('editSchema').val() === true"
        },
        "usersRequests": {
          ".read": "auth.uid !== null 
                  && data.parent().child('usersPermissions').child(auth.uid).exists() 
                  && data.parent().child('usersPermissions').child(auth.uid).child('editPermissions').val() === true",
          "$uid": {
            ".write": "(
            			auth.uid !== null 
                  && data.parent().parent().child('usersPermissions').child(auth.uid).exists() 
                  && data.parent().parent().child('usersPermissions').child(auth.uid).child('editPermissions').val() === true
            		) 
              	|| (data.val() === null && auth.uid === $uid)"
          }
        }, 
        "$others": {
    			".read": true,
        	".write": "auth.uid !== null && data.parent().child('usersPermissions').child(auth.uid).exists() && data.parent().child('usersPermissions').child(auth.uid).child('editData').val() === true"
        }
        
      }
    	// Orkan end
  }
}
[debug] [2018-11-02T03:29:21.156Z] <<< HTTP RESPONSE 200
[info] ✔  database: rules syntax for database my-proj-5cbb6 is valid
[debug] [2018-11-02T03:29:21.157Z] >>> HTTP REQUEST POST https://firebasehosting.googleapis.com/v1beta1/sites/my-proj-5cbb6/versions  

